<?xml version="1.0" encoding="UTF-8"?>
<!-- Generated by org.testng.reporters.JUnitReportReporter -->
<testsuite hostname="DESKTOP-PU0R8NH" failures="0" tests="1" name="mavenforjenkins.UITest" time="16.573" errors="0" timestamp="2023-05-26T16:43:33 IST" skipped="0">
  <testcase classname="mavenforjenkins.UITest" name="startBrowser" time="16.573"/>
  <system-out/>
</testsuite> <!-- mavenforjenkins.UITest -->
